08-09 18:25:52 com_github_MitjaNemec_ReplicateLayout.action_replicate_layout 392:Plugin executed on: 'win32'
08-09 18:25:52 com_github_MitjaNemec_ReplicateLayout.action_replicate_layout 393:Plugin executed with python version: '3.11.5 (main, May 10 2024, 05:24:12) [MSC v.1939 64 bit (AMD64)]'
08-09 18:25:52 com_github_MitjaNemec_ReplicateLayout.action_replicate_layout 394:KiCad build version: 8.0.3
08-09 18:25:52 com_github_MitjaNemec_ReplicateLayout.action_replicate_layout 395:Plugin version: 3.0.3
08-09 18:25:52 com_github_MitjaNemec_ReplicateLayout.action_replicate_layout 396:Frame repr: <wx._core.Frame object at 0x000001D6F71E1360>
08-09 18:25:52 com_github_MitjaNemec_ReplicateLayout.action_replicate_layout 420:Preparing replicator with RN1 as a reference
08-09 18:25:52 com_github_MitjaNemec_ReplicateLayout.replicate_layout 117:getting a list of all footprints on board
08-09 18:25:52 com_github_MitjaNemec_ReplicateLayout.action_replicate_layout 468:source anchor footprint is 'RN1'
Located on: ['Latches', 'digit']
With filenames: ['latches.kicad_sch', 'digit.kicad_sch']
With sheet_id:['Latches', 'digit']
08-09 18:25:52 com_github_MitjaNemec_ReplicateLayout.action_replicate_layout 475:Corresponding footprints are 
[('RN6', ['Latches', 'digit5']), ('RN5', ['Latches', 'digit4']), ('RN4', ['Latches', 'digit3']), ('RN3', ['Latches', 'digit2']), ('RN2', ['Latches', 'digit1']), ('RN1', ['Latches', 'digit'])]
08-09 18:25:52 com_github_MitjaNemec_ReplicateLayout.action_replicate_layout 487:Showing dialog
08-09 18:25:52 com_github_MitjaNemec_ReplicateLayout.replicate_layout 472:constructing a list of sheets suitable for replication on level:'digit', file:'digit.kicad_sch'
08-09 18:25:52 com_github_MitjaNemec_ReplicateLayout.replicate_layout 509:suitable sheets are:[['Latches', 'digit1'], ['Latches', 'digit2'], ['Latches', 'digit3'], ['Latches', 'digit4'], ['Latches', 'digit5']]
08-09 18:25:52 com_github_MitjaNemec_ReplicateLayout.replicate_layout 1507:Level selected: ['Latches', 'digit']
08-09 18:25:52 com_github_MitjaNemec_ReplicateLayout.replicate_layout 1331:Filtering list of tracks
08-09 18:25:52 com_github_MitjaNemec_ReplicateLayout.action_replicate_layout 493:Toolbar position: wx.Point(3234, 277)
08-09 18:25:52 com_github_MitjaNemec_ReplicateLayout.action_replicate_layout 498:Dialog position: wx.Point(2795, 277)
08-09 18:26:14 com_github_MitjaNemec_ReplicateLayout.action_replicate_layout 321:User canceled the dialog
